<?xml version="1.0" encoding="UTF-8"?>
<testng-results ignored="0" total="1" passed="1" failed="0" skipped="0">
  <reporter-output>
  </reporter-output>
  <suite started-at="2023-11-23T11:22:00 IST" name="Suite" finished-at="2023-11-23T11:22:44 IST" duration-ms="44486">
    <groups>
    </groups>
    <test started-at="2023-11-23T11:22:00 IST" name="Test" finished-at="2023-11-23T11:22:44 IST" duration-ms="44486">
      <class name="com.w3schools.utils.Reports">
        <test-method is-config="true" signature="startReport()[pri:0, instance:com.w3schools.utils.Reports@3967e60c]" started-at="2023-11-23T11:21:59 IST" name="startReport" finished-at="2023-11-23T11:22:00 IST" duration-ms="436" status="PASS">
          <reporter-output>
          </reporter-output>
        </test-method> <!-- startReport -->
        <test-method is-config="true" signature="endReport()[pri:0, instance:com.w3schools.utils.Reports@3967e60c]" started-at="2023-11-23T11:22:44 IST" name="endReport" finished-at="2023-11-23T11:22:45 IST" duration-ms="896" status="PASS">
          <reporter-output>
          </reporter-output>
        </test-method> <!-- endReport -->
      </class> <!-- com.w3schools.utils.Reports -->
      <class name="com.w3schools.tests.ProfileTest">
        <test-method signature="loginWithValidCredentials()[pri:0, instance:com.w3schools.tests.ProfileTest@149e0f5d]" started-at="2023-11-23T11:22:00 IST" name="loginWithValidCredentials" finished-at="2023-11-23T11:22:44 IST" duration-ms="44419" status="PASS">
          <reporter-output>
          </reporter-output>
        </test-method> <!-- loginWithValidCredentials -->
      </class> <!-- com.w3schools.tests.ProfileTest -->
    </test> <!-- Test -->
  </suite> <!-- Suite -->
</testng-results>
