<?xml version="1.0" encoding="UTF-8"?>
<testng-results ignored="0" total="1" passed="1" failed="0" skipped="0">
  <reporter-output>
  </reporter-output>
  <suite started-at="2023-11-23T20:14:16 IST" name="Suite" finished-at="2023-11-23T20:14:33 IST" duration-ms="17328">
    <groups>
    </groups>
    <test started-at="2023-11-23T20:14:16 IST" name="Test" finished-at="2023-11-23T20:14:33 IST" duration-ms="17328">
      <class name="com.w3schools.utils.Reports">
        <test-method is-config="true" signature="startReport()[pri:0, instance:com.w3schools.utils.Reports@5fd4f8f5]" started-at="2023-11-23T20:14:16 IST" name="startReport" finished-at="2023-11-23T20:14:16 IST" duration-ms="328" status="PASS">
          <reporter-output>
          </reporter-output>
        </test-method> <!-- startReport -->
        <test-method is-config="true" signature="endReport()[pri:0, instance:com.w3schools.utils.Reports@5fd4f8f5]" started-at="2023-11-23T20:14:33 IST" name="endReport" finished-at="2023-11-23T20:14:34 IST" duration-ms="471" status="PASS">
          <reporter-output>
          </reporter-output>
        </test-method> <!-- endReport -->
      </class> <!-- com.w3schools.utils.Reports -->
      <class name="com.w3schools.tests.ProfileTest">
        <test-method signature="loginWithValidCredentials()[pri:0, instance:com.w3schools.tests.ProfileTest@5ace1ed4]" started-at="2023-11-23T20:14:16 IST" name="loginWithValidCredentials" finished-at="2023-11-23T20:14:33 IST" duration-ms="17299" status="PASS">
          <reporter-output>
          </reporter-output>
        </test-method> <!-- loginWithValidCredentials -->
      </class> <!-- com.w3schools.tests.ProfileTest -->
    </test> <!-- Test -->
  </suite> <!-- Suite -->
</testng-results>
