<?xml version="1.0" encoding="UTF-8"?>
<testng-results ignored="0" total="1" passed="1" failed="0" skipped="0">
  <reporter-output>
  </reporter-output>
  <suite started-at="2023-11-21T10:58:37 IST" name="Suite" finished-at="2023-11-21T10:58:56 IST" duration-ms="19208">
    <groups>
    </groups>
    <test started-at="2023-11-21T10:58:37 IST" name="Test" finished-at="2023-11-21T10:58:56 IST" duration-ms="19208">
      <class name="com.w3schools.tests.LoginTest">
        <test-method signature="loginWithValidCredentials()[pri:0, instance:com.w3schools.tests.LoginTest@7c7b252e]" started-at="2023-11-21T10:58:37 IST" name="loginWithValidCredentials" finished-at="2023-11-21T10:58:56 IST" duration-ms="19086" status="PASS">
          <reporter-output>
          </reporter-output>
        </test-method> <!-- loginWithValidCredentials -->
      </class> <!-- com.w3schools.tests.LoginTest -->
    </test> <!-- Test -->
  </suite> <!-- Suite -->
</testng-results>
